==2140== Memcheck, a memory error detector
==2140== Copyright (C) 2002-2017, and GNU GPL'd, by Julian Seward et al.
==2140== Using Valgrind-3.16.1 and LibVEX; rerun with -h for copyright info
==2140== Command: ./test_exec
==2140== Parent PID: 25
==2140== 
==2140== 
==2140== FILE DESCRIPTORS: 4 open at exit.
==2140== Open file descriptor 3: /com.docker.devenvironments.code/valgrind.log
==2140==    <inherited from parent>
==2140== 
==2140== Open file descriptor 2: /dev/pts/1
==2140==    <inherited from parent>
==2140== 
==2140== Open file descriptor 1: /dev/pts/1
==2140==    <inherited from parent>
==2140== 
==2140== Open file descriptor 0: /dev/pts/1
==2140==    <inherited from parent>
==2140== 
==2140== 
==2140== HEAP SUMMARY:
==2140==     in use at exit: 0 bytes in 0 blocks
==2140==   total heap usage: 2,199 allocs, 2,199 frees, 259,278 bytes allocated
==2140== 
==2140== All heap blocks were freed -- no leaks are possible
==2140== 
==2140== ERROR SUMMARY: 0 errors from 0 contexts (suppressed: 0 from 0)
